#***************************************************************************

#sjplacer

#Version:            1.1

#Build Date:         Sep  9 2019 11:47:43

#File Generated:     Dec 16 2020 09:51:46

#Purpose:            

#Copyright (C) 2010-2011 by Softjin Technologies Pvt Ltd. All rights reserved.

#***************************************************************************

Executing : E:\Programmer\Cypres\PSoC Creator\4.3\PSoC Creator\bin/sjplacer.exe --proj-name Sorting_Controller --netlist-vh2 Sorting_Controller_p.vh2 --arch p35_udb4x6 --arch-file E:\Programmer\Cypres\PSoC Creator\4.3\PSoC Creator\dev\arch/udbdsi_4x6_24.cydata --ip-file E:\Programmer\Cypres\PSoC Creator\4.3\PSoC Creator\dev\psoc5/psoc5lp/ip_blocks.cydata --rrg-file E:\Programmer\Cypres\PSoC Creator\4.3\PSoC Creator\dev\psoc5/psoc5lp/route_arch-rrg.cydata --irq-file E:\Programmer\Cypres\PSoC Creator\4.3\PSoC Creator\dev\psoc5/psoc5lp/irqconn.cydata --drq-file E:\Programmer\Cypres\PSoC Creator\4.3\PSoC Creator\dev\psoc5/psoc5lp/dmaconn.cydata --dsi-conn-file E:\Programmer\Cypres\PSoC Creator\4.3\PSoC Creator\dev\psoc5/psoc5lp/dsiconn.cydata --pins-file pins_68-QFN.xml --lib-file Sorting_Controller_p.lib --sdc-file Sorting_Controller.sdc --io-pcf Sorting_Controller.pci --outdir .

		Softjin Techologies Placer, Version 1.1

Build Date : Sep  9 2019	11:45:12

D2004: Option and Settings Summary
=============================================================
Netlist vh2 file          - Sorting_Controller_p.vh2
Architecture file         - E:\Programmer\Cypres\PSoC Creator\4.3\PSoC Creator\dev\arch/udbdsi_4x6_24.cydata
Package                   - 
Defparam file             - 
SDC file                  - Sorting_Controller.sdc
Output directory          - .
Timing library            - Sorting_Controller_p.lib
IO Placement file         - Sorting_Controller.pci

D2050: Starting reading inputs for placer
=============================================================
D2065: Reading netlist file : "Sorting_Controller_p.vh2"
D2065: Reading arch file : "E:\Programmer\Cypres\PSoC Creator\4.3\PSoC Creator\dev\arch/udbdsi_4x6_24.cydata"
D2051: Reading of inputs for placer completed successfully

D2053: Starting placement of the design
=============================================================

Phase 2
Phase 3

Design Statistics after Packing
    Number of Combinational MCs 	:	21
    Number of Sequential MCs    	:	32
    Number of DPs               	:	9
    Number of Controls          	:	7
    Number of Status            	:	6
    Number of SyncCells         	:	0
    Number of count7cells       	:	1

Device Utilization Summary after Packing
    Macrocells                  :	53/192
    UDBS                        :	10/24
    IOs                         :	15/72


D2088: Phase 3, elapsed time : 0.0 (sec)

Phase 4
D2088: Phase 4, elapsed time : 0.0 (sec)

Phase 5
D2088: Phase 5, elapsed time : 0.0 (sec)

Phase 6

######################################################################
Placement Timing Summary

The timing summary is based on estimated routing delays after
placement. For final timing report, please carry out the timing
analysis after routing.
======================================================================

######################################################################
                     Clock Summary 
======================================================================
Number of clocks: 12
Clock: Clock_1              | Frequency:  85.3 MHz | Target:  12.0 MHz
Clock: Clock_2              | Frequency:  85.3 MHz | Target:  12.0 MHz
Clock: Counter_Clock        | Frequency:  45.5 MHz | Target:  12.0 MHz
Clock: CyBUS_CLK            | Frequency:  45.5 MHz | Target:  24.0 MHz
Clock: CyILO                | Frequency: N/A       | Target:   0.0 MHz
Clock: CyIMO                | Frequency: N/A       | Target:   3.0 MHz
Clock: CyMASTER_CLK         | Frequency:  64.2 MHz | Target:  24.0 MHz
Clock: CyPLL_OUT            | Frequency: N/A       | Target:  24.0 MHz
Clock: PWM_Clock            | Frequency:  53.6 MHz | Target:   0.0 MHz
Clock: RPI_UART_IntClock    | Frequency:  52.9 MHz | Target:   0.1 MHz
Clock: Weight_ADC_theACLK   | Frequency: N/A       | Target:   1.8 MHz
Clock: Weight_ADC_theACLK(fixed-function) | Frequency: N/A       | Target:   1.8 MHz

======================================================================
                     End of Clock Summary
######################################################################

D2088: Phase 6, elapsed time : 0.0 (sec)

Phase 7
######################################################################
                     Clock Summary 
======================================================================
Number of clocks: 12
Clock: Clock_1              | Frequency:  85.3 MHz | Target:  12.0 MHz
Clock: Clock_2              | Frequency:  85.3 MHz | Target:  12.0 MHz
Clock: Counter_Clock        | Frequency:  42.2 MHz | Target:  12.0 MHz
Clock: CyBUS_CLK            | Frequency:   1.6 MHz | Target:  24.0 MHz
Clock: CyILO                | Frequency: N/A       | Target:   0.0 MHz
Clock: CyIMO                | Frequency: N/A       | Target:   3.0 MHz
Clock: CyMASTER_CLK         | Frequency:  59.7 MHz | Target:  24.0 MHz
Clock: CyPLL_OUT            | Frequency: N/A       | Target:  24.0 MHz
Clock: PWM_Clock            | Frequency:   1.6 MHz | Target:   0.0 MHz
Clock: RPI_UART_IntClock    | Frequency:  57.2 MHz | Target:   0.1 MHz
Clock: Weight_ADC_theACLK   | Frequency: N/A       | Target:   1.8 MHz
Clock: Weight_ADC_theACLK(fixed-function) | Frequency: N/A       | Target:   1.8 MHz

======================================================================
                     End of Clock Summary
######################################################################
D2088: Phase 7, elapsed time : 0.2 (sec)

Final Design Statistics
    Number of Combinational MCs 	:	21
    Number of Sequential MCs    	:	32
    Number of DPs               	:	9
    Number of Controls          	:	7
    Number of Status            	:	6
    Number of SyncCells         	:	0
    Number of count7cells       	:	1
    Number of IOs       	:	15

Device Utilization Summary
    Macrocells                  :	53/192
    IOs                         :	15/72



######################################################################
Placement Timing Summary

The timing summary is based on estimated routing delays after
placement. For final timing report, please carry out the timing
analysis after routing.
======================================================================


######################################################################
                     Clock Summary 
======================================================================
Number of clocks: 12
Clock: Clock_1              | Frequency:  85.3 MHz | Target:  12.0 MHz
Clock: Clock_2              | Frequency:  85.3 MHz | Target:  12.0 MHz
Clock: Counter_Clock        | Frequency:  42.2 MHz | Target:  12.0 MHz
Clock: CyBUS_CLK            | Frequency:   1.6 MHz | Target:  24.0 MHz
Clock: CyILO                | Frequency: N/A       | Target:   0.0 MHz
Clock: CyIMO                | Frequency: N/A       | Target:   3.0 MHz
Clock: CyMASTER_CLK         | Frequency:  59.7 MHz | Target:  24.0 MHz
Clock: CyPLL_OUT            | Frequency: N/A       | Target:  24.0 MHz
Clock: PWM_Clock            | Frequency:   1.6 MHz | Target:   0.0 MHz
Clock: RPI_UART_IntClock    | Frequency:  57.2 MHz | Target:   0.1 MHz
Clock: Weight_ADC_theACLK   | Frequency: N/A       | Target:   1.8 MHz
Clock: Weight_ADC_theACLK(fixed-function) | Frequency: N/A       | Target:   1.8 MHz

======================================================================
                     End of Clock Summary
######################################################################

Phase 6

######################################################################
Placement Timing Summary

The timing summary is based on estimated routing delays after
placement. For final timing report, please carry out the timing
analysis after routing.
======================================================================

######################################################################
                     Clock Summary 
======================================================================
Number of clocks: 12
Clock: Clock_1              | Frequency:  85.3 MHz | Target:  12.0 MHz
Clock: Clock_2              | Frequency:  85.3 MHz | Target:  12.0 MHz
Clock: Counter_Clock        | Frequency:  45.5 MHz | Target:  12.0 MHz
Clock: CyBUS_CLK            | Frequency:   1.4 MHz | Target:  24.0 MHz
Clock: CyILO                | Frequency: N/A       | Target:   0.0 MHz
Clock: CyIMO                | Frequency: N/A       | Target:   3.0 MHz
Clock: CyMASTER_CLK         | Frequency:  64.2 MHz | Target:  24.0 MHz
Clock: CyPLL_OUT            | Frequency: N/A       | Target:  24.0 MHz
Clock: PWM_Clock            | Frequency:   1.4 MHz | Target:   0.0 MHz
Clock: RPI_UART_IntClock    | Frequency:  52.9 MHz | Target:   0.1 MHz
Clock: Weight_ADC_theACLK   | Frequency: N/A       | Target:   1.8 MHz
Clock: Weight_ADC_theACLK(fixed-function) | Frequency: N/A       | Target:   1.8 MHz

======================================================================
                     End of Clock Summary
######################################################################

D2088: Phase 6, elapsed time : 0.0 (sec)

Phase 7
######################################################################
                     Clock Summary 
======================================================================
Number of clocks: 12
Clock: Clock_1              | Frequency:  85.3 MHz | Target:  12.0 MHz
Clock: Clock_2              | Frequency:  85.3 MHz | Target:  12.0 MHz
Clock: Counter_Clock        | Frequency:  42.2 MHz | Target:  12.0 MHz
Clock: CyBUS_CLK            | Frequency:   1.6 MHz | Target:  24.0 MHz
Clock: CyILO                | Frequency: N/A       | Target:   0.0 MHz
Clock: CyIMO                | Frequency: N/A       | Target:   3.0 MHz
Clock: CyMASTER_CLK         | Frequency:  59.7 MHz | Target:  24.0 MHz
Clock: CyPLL_OUT            | Frequency: N/A       | Target:  24.0 MHz
Clock: PWM_Clock            | Frequency:   1.6 MHz | Target:   0.0 MHz
Clock: RPI_UART_IntClock    | Frequency:  55.3 MHz | Target:   0.1 MHz
Clock: Weight_ADC_theACLK   | Frequency: N/A       | Target:   1.8 MHz
Clock: Weight_ADC_theACLK(fixed-function) | Frequency: N/A       | Target:   1.8 MHz

======================================================================
                     End of Clock Summary
######################################################################
D2088: Phase 7, elapsed time : 0.4 (sec)

Final Design Statistics
    Number of Combinational MCs 	:	21
    Number of Sequential MCs    	:	32
    Number of DPs               	:	9
    Number of Controls          	:	7
    Number of Status            	:	6
    Number of SyncCells         	:	0
    Number of count7cells       	:	1
    Number of IOs       	:	15

Device Utilization Summary
    Macrocells                  :	53/192
    IOs                         :	15/72



######################################################################
Placement Timing Summary

The timing summary is based on estimated routing delays after
placement. For final timing report, please carry out the timing
analysis after routing.
======================================================================


######################################################################
                     Clock Summary 
======================================================================
Number of clocks: 12
Clock: Clock_1              | Frequency:  85.3 MHz | Target:  12.0 MHz
Clock: Clock_2              | Frequency:  78.9 MHz | Target:  12.0 MHz
Clock: Counter_Clock        | Frequency:  41.2 MHz | Target:  12.0 MHz
Clock: CyBUS_CLK            | Frequency:   1.7 MHz | Target:  24.0 MHz
Clock: CyILO                | Frequency: N/A       | Target:   0.0 MHz
Clock: CyIMO                | Frequency: N/A       | Target:   3.0 MHz
Clock: CyMASTER_CLK         | Frequency:  64.2 MHz | Target:  24.0 MHz
Clock: CyPLL_OUT            | Frequency: N/A       | Target:  24.0 MHz
Clock: PWM_Clock            | Frequency:   1.7 MHz | Target:   0.0 MHz
Clock: RPI_UART_IntClock    | Frequency:  48.0 MHz | Target:   0.1 MHz
Clock: Weight_ADC_theACLK   | Frequency: N/A       | Target:   1.8 MHz
Clock: Weight_ADC_theACLK(fixed-function) | Frequency: N/A       | Target:   1.8 MHz

======================================================================
                     End of Clock Summary
######################################################################

Phase 8
D2088: Phase 8, elapsed time : 0.0 (sec)

D2054: Placement of the design completed successfully

I2076: Total run-time: 1.4 sec.

